2019-08-14 02:17:56.046  INFO 7788 --- [restartedMain] c.a.TaskApplication                      : Starting TaskApplication on DESKTOP-SDVCLR9 with PID 7788 (C:\Users\hp\IdeaProjects\Task\target\classes started by hp in C:\Users\hp\IdeaProjects\Task)
2019-08-14 02:17:56.072  INFO 7788 --- [restartedMain] c.a.TaskApplication                      : No active profile set, falling back to default profiles: default
2019-08-14 02:17:56.204  INFO 7788 --- [restartedMain] .e.DevToolsPropertyDefaultsPostProcessor : Devtools property defaults active! Set 'spring.devtools.add-properties' to 'false' to disable
2019-08-14 02:17:56.205  INFO 7788 --- [restartedMain] .e.DevToolsPropertyDefaultsPostProcessor : For additional web related logging consider setting the 'logging.level.web' property to 'DEBUG'
2019-08-14 02:17:59.290  INFO 7788 --- [restartedMain] .s.d.r.c.RepositoryConfigurationDelegate : Bootstrapping Spring Data repositories in DEFAULT mode.
2019-08-14 02:17:59.463  INFO 7788 --- [restartedMain] .s.d.r.c.RepositoryConfigurationDelegate : Finished Spring Data repository scanning in 158ms. Found 2 repository interfaces.
2019-08-14 02:18:00.487  INFO 7788 --- [restartedMain] trationDelegate$BeanPostProcessorChecker : Bean 'org.springframework.ws.config.annotation.DelegatingWsConfiguration' of type [org.springframework.ws.config.annotation.DelegatingWsConfiguration$$EnhancerBySpringCGLIB$$fb8dffb1] is not eligible for getting processed by all BeanPostProcessors (for example: not eligible for auto-proxying)
2019-08-14 02:18:00.554  INFO 7788 --- [restartedMain] .w.s.a.s.AnnotationActionEndpointMapping : Supporting [WS-Addressing August 2004, WS-Addressing 1.0]
2019-08-14 02:18:00.654  INFO 7788 --- [restartedMain] trationDelegate$BeanPostProcessorChecker : Bean 'org.springframework.transaction.annotation.ProxyTransactionManagementConfiguration' of type [org.springframework.transaction.annotation.ProxyTransactionManagementConfiguration$$EnhancerBySpringCGLIB$$56f63ab2] is not eligible for getting processed by all BeanPostProcessors (for example: not eligible for auto-proxying)
2019-08-14 02:18:00.717  INFO 7788 --- [restartedMain] trationDelegate$BeanPostProcessorChecker : Bean 'org.springframework.hateoas.config.HateoasConfiguration' of type [org.springframework.hateoas.config.HateoasConfiguration$$EnhancerBySpringCGLIB$$d67687e4] is not eligible for getting processed by all BeanPostProcessors (for example: not eligible for auto-proxying)
2019-08-14 02:18:01.592  INFO 7788 --- [restartedMain] o.s.b.w.e.t.TomcatWebServer              : Tomcat initialized with port(s): 8118 (http)
2019-08-14 02:18:01.649  INFO 7788 --- [restartedMain] o.a.c.c.StandardService                  : Starting service [Tomcat]
2019-08-14 02:18:01.651  INFO 7788 --- [restartedMain] o.a.c.c.StandardEngine                   : Starting Servlet engine: [Apache Tomcat/9.0.22]
2019-08-14 02:18:01.902  INFO 7788 --- [restartedMain] o.a.c.c.C.[.[.[/]                        : Initializing Spring embedded WebApplicationContext
2019-08-14 02:18:01.902  INFO 7788 --- [restartedMain] o.s.w.c.ContextLoader                    : Root WebApplicationContext: initialization completed in 5696 ms
2019-08-14 02:18:03.088  INFO 7788 --- [restartedMain] c.z.h.HikariDataSource                   : HikariPool-1 - Starting...
2019-08-14 02:18:03.095  WARN 7788 --- [restartedMain] c.z.h.u.DriverDataSource                 : Registered driver with driverClassName=com.mysql.jdbc.Driver was not found, trying direct instantiation.
2019-08-14 02:18:03.376  INFO 7788 --- [restartedMain] c.z.h.HikariDataSource                   : HikariPool-1 - Start completed.
2019-08-14 02:18:03.499  INFO 7788 --- [restartedMain] o.h.j.i.u.LogHelper                      : HHH000204: Processing PersistenceUnitInfo [name: default]
2019-08-14 02:18:03.779  INFO 7788 --- [restartedMain] o.h.Version                              : HHH000412: Hibernate Core {5.4.2.Final}
2019-08-14 02:18:04.236  INFO 7788 --- [restartedMain] o.h.a.c.Version                          : HCANN000001: Hibernate Commons Annotations {5.1.0.Final}
2019-08-14 02:18:04.761  INFO 7788 --- [restartedMain] o.h.d.Dialect                            : HHH000400: Using dialect: org.hibernate.dialect.MySQL5Dialect
2019-08-14 02:18:06.370  INFO 7788 --- [restartedMain] o.h.e.t.j.p.i.JtaPlatformInitiator       : HHH000490: Using JtaPlatform implementation: [org.hibernate.engine.transaction.jta.platform.internal.NoJtaPlatform]
2019-08-14 02:18:06.375  INFO 7788 --- [restartedMain] j.LocalContainerEntityManagerFactoryBean : Initialized JPA EntityManagerFactory for persistence unit 'default'
2019-08-14 02:18:06.479  INFO 7788 --- [restartedMain] o.s.b.d.a.OptionalLiveReloadServer       : LiveReload server is running on port 35729
2019-08-14 02:18:07.774  INFO 7788 --- [restartedMain] o.s.s.c.ThreadPoolTaskExecutor           : Initializing ExecutorService 'applicationTaskExecutor'
2019-08-14 02:18:07.879  WARN 7788 --- [restartedMain] aWebConfiguration$JpaWebMvcConfiguration : spring.jpa.open-in-view is enabled by default. Therefore, database queries may be performed during view rendering. Explicitly configure spring.jpa.open-in-view to disable this warning
2019-08-14 02:18:09.086 DEBUG 7788 --- [restartedMain] yloadRootAnnotationMethodEndpointMapping : Looking for endpoints in application context: org.springframework.boot.web.servlet.context.AnnotationConfigServletWebServerApplicationContext@29d2078e, started on Wed Aug 14 02:17:56 AZT 2019
2019-08-14 02:18:09.100 DEBUG 7788 --- [restartedMain] oapActionAnnotationMethodEndpointMapping : Looking for endpoints in application context: org.springframework.boot.web.servlet.context.AnnotationConfigServletWebServerApplicationContext@29d2078e, started on Wed Aug 14 02:17:56 AZT 2019
2019-08-14 02:18:09.136 DEBUG 7788 --- [restartedMain] o.s.w.s.e.a.DefaultMethodEndpointAdapter : No MethodArgumentResolvers set, using defaults: [org.springframework.ws.server.endpoint.adapter.method.dom.DomPayloadMethodProcessor@3e568d5, org.springframework.ws.server.endpoint.adapter.method.MessageContextMethodArgumentResolver@2dc4eb46, org.springframework.ws.server.endpoint.adapter.method.SourcePayloadMethodProcessor@615ea520, org.springframework.ws.server.endpoint.adapter.method.XPathParamMethodArgumentResolver@de26f43, org.springframework.ws.soap.server.endpoint.adapter.method.SoapMethodArgumentResolver@25e90dea, org.springframework.ws.soap.server.endpoint.adapter.method.SoapHeaderElementMethodArgumentResolver@2f7d5cca, org.springframework.ws.server.endpoint.adapter.method.dom.Dom4jPayloadMethodProcessor@3b1e9ba0, org.springframework.ws.server.endpoint.adapter.method.jaxb.XmlRootElementPayloadMethodProcessor@259863f7, org.springframework.ws.server.endpoint.adapter.method.jaxb.JaxbElementPayloadMethodProcessor@48f3acf3, org.springframework.ws.server.endpoint.adapter.method.StaxPayloadMethodArgumentResolver@d2d322b]
2019-08-14 02:18:09.139 DEBUG 7788 --- [restartedMain] o.s.w.s.e.a.DefaultMethodEndpointAdapter : No MethodReturnValueHandlers set, using defaults: [org.springframework.ws.server.endpoint.adapter.method.dom.DomPayloadMethodProcessor@42a16bb5, org.springframework.ws.server.endpoint.adapter.method.SourcePayloadMethodProcessor@24403fcd, org.springframework.ws.server.endpoint.adapter.method.dom.Dom4jPayloadMethodProcessor@71019b82, org.springframework.ws.server.endpoint.adapter.method.jaxb.XmlRootElementPayloadMethodProcessor@15d953e3, org.springframework.ws.server.endpoint.adapter.method.jaxb.JaxbElementPayloadMethodProcessor@5c6c7e2e]
2019-08-14 02:18:09.222  INFO 7788 --- [restartedMain] o.s.b.a.e.w.EndpointLinksResolver        : Exposing 2 endpoint(s) beneath base path '/actuator'
2019-08-14 02:18:09.415  INFO 7788 --- [restartedMain] o.s.b.w.e.t.TomcatWebServer              : Tomcat started on port(s): 8118 (http) with context path ''
2019-08-14 02:18:09.424  INFO 7788 --- [restartedMain] c.a.TaskApplication                      : Started TaskApplication in 15.001 seconds (JVM running for 17.905)
2019-08-14 02:18:10.211  INFO 7788 --- [RMI TCP Connection(4)-192.168.31.38] o.a.c.c.C.[.[.[/]                        : Initializing Spring DispatcherServlet 'dispatcherServlet'
2019-08-14 02:18:10.212  INFO 7788 --- [RMI TCP Connection(4)-192.168.31.38] o.s.w.s.DispatcherServlet                : Initializing Servlet 'dispatcherServlet'
2019-08-14 02:18:10.235  INFO 7788 --- [RMI TCP Connection(4)-192.168.31.38] o.s.w.s.DispatcherServlet                : Completed initialization in 23 ms
2019-08-14 02:44:31.233  INFO 7788 --- [Thread-29] o.s.s.c.ThreadPoolTaskExecutor           : Shutting down ExecutorService 'applicationTaskExecutor'
2019-08-14 02:44:31.236  INFO 7788 --- [Thread-29] j.LocalContainerEntityManagerFactoryBean : Closing JPA EntityManagerFactory for persistence unit 'default'
2019-08-14 02:44:31.248  INFO 7788 --- [Thread-29] c.z.h.HikariDataSource                   : HikariPool-1 - Shutdown initiated...
2019-08-14 02:44:31.262  INFO 7788 --- [Thread-29] c.z.h.HikariDataSource                   : HikariPool-1 - Shutdown completed.
